Build started 12/8/2016 7:35:03 PM.
     1>Project "C:\Users\pqj647\Documents\projects\Opencv\New folder\OpenCVBOF\OpenCVBOF\OpenCVBOF.vcxproj" on node 2 (Build target(s)).
     1>ClCompile:
         C:\Program Files (x86)\Microsoft Visual Studio 12.0\VC\bin\x86_amd64\CL.exe /c /IC:\Users\pqj647\Documents\Software\opencv2\opencv\build\x64\vc12\..\..\include /Zi /nologo /W3 /WX- /O2 /Oi /GL /D WIN32 /D NDEBUG /D _CONSOLE /D _LIB /D _UNICODE /D UNICODE /Gm- /EHsc /MD /GS /Gy /fp:precise /Zc:wchar_t /Zc:forScope /Yu"stdafx.h" /Fp"x64\Release\OpenCVBOF.pch" /Fo"x64\Release\\" /Fd"x64\Release\vc120.pdb" /Gd /TP /errorReport:prompt OpenCVBOF.cpp
         OpenCVBOF.cpp
     1>c:\users\pqj647\documents\software\opencv2\opencv\build\include\opencv2\flann\logger.h(66): warning C4996: 'fopen': This function or variable may be unsafe. Consider using fopen_s instead. To disable deprecation, use _CRT_SECURE_NO_WARNINGS. See online help for details.
                 C:\Program Files (x86)\Microsoft Visual Studio 12.0\VC\include\stdio.h(211) : see declaration of 'fopen'
     1>OpenCVBOF.cpp(48): warning C4996: 'sprintf': This function or variable may be unsafe. Consider using sprintf_s instead. To disable deprecation, use _CRT_SECURE_NO_WARNINGS. See online help for details.
                 C:\Program Files (x86)\Microsoft Visual Studio 12.0\VC\include\stdio.h(356) : see declaration of 'sprintf'
     1>OpenCVBOF.cpp(59): warning C4996: 'sprintf': This function or variable may be unsafe. Consider using sprintf_s instead. To disable deprecation, use _CRT_SECURE_NO_WARNINGS. See online help for details.
                 C:\Program Files (x86)\Microsoft Visual Studio 12.0\VC\include\stdio.h(356) : see declaration of 'sprintf'
     1>OpenCVBOF.cpp(68): warning C4996: 'sprintf': This function or variable may be unsafe. Consider using sprintf_s instead. To disable deprecation, use _CRT_SECURE_NO_WARNINGS. See online help for details.
                 C:\Program Files (x86)\Microsoft Visual Studio 12.0\VC\include\stdio.h(356) : see declaration of 'sprintf'
     1>OpenCVBOF.cpp(43): warning C4101: 'j' : unreferenced local variable
     1>OpenCVBOF.cpp(115): warning C4996: 'sprintf': This function or variable may be unsafe. Consider using sprintf_s instead. To disable deprecation, use _CRT_SECURE_NO_WARNINGS. See online help for details.
                 C:\Program Files (x86)\Microsoft Visual Studio 12.0\VC\include\stdio.h(356) : see declaration of 'sprintf'
     1>OpenCVBOF.cpp(127): warning C4996: 'sprintf': This function or variable may be unsafe. Consider using sprintf_s instead. To disable deprecation, use _CRT_SECURE_NO_WARNINGS. See online help for details.
                 C:\Program Files (x86)\Microsoft Visual Studio 12.0\VC\include\stdio.h(356) : see declaration of 'sprintf'
     1>OpenCVBOF.cpp(139): warning C4996: 'sprintf': This function or variable may be unsafe. Consider using sprintf_s instead. To disable deprecation, use _CRT_SECURE_NO_WARNINGS. See online help for details.
                 C:\Program Files (x86)\Microsoft Visual Studio 12.0\VC\include\stdio.h(356) : see declaration of 'sprintf'
     1>OpenCVBOF.cpp(177): warning C4996: 'sprintf': This function or variable may be unsafe. Consider using sprintf_s instead. To disable deprecation, use _CRT_SECURE_NO_WARNINGS. See online help for details.
                 C:\Program Files (x86)\Microsoft Visual Studio 12.0\VC\include\stdio.h(356) : see declaration of 'sprintf'
     1>OpenCVBOF.cpp(189): warning C4244: 'argument' : conversion from 'float' to 'int', possible loss of data
     1>OpenCVBOF.cpp(196): warning C4996: 'sprintf': This function or variable may be unsafe. Consider using sprintf_s instead. To disable deprecation, use _CRT_SECURE_NO_WARNINGS. See online help for details.
                 C:\Program Files (x86)\Microsoft Visual Studio 12.0\VC\include\stdio.h(356) : see declaration of 'sprintf'
     1>OpenCVBOF.cpp(207): warning C4244: 'argument' : conversion from 'float' to 'int', possible loss of data
     1>OpenCVBOF.cpp(214): warning C4996: 'sprintf': This function or variable may be unsafe. Consider using sprintf_s instead. To disable deprecation, use _CRT_SECURE_NO_WARNINGS. See online help for details.
                 C:\Program Files (x86)\Microsoft Visual Studio 12.0\VC\include\stdio.h(356) : see declaration of 'sprintf'
     1>OpenCVBOF.cpp(225): warning C4244: 'argument' : conversion from 'float' to 'int', possible loss of data
     1>OpenCVBOF.cpp(231): warning C4996: 'sprintf': This function or variable may be unsafe. Consider using sprintf_s instead. To disable deprecation, use _CRT_SECURE_NO_WARNINGS. See online help for details.
                 C:\Program Files (x86)\Microsoft Visual Studio 12.0\VC\include\stdio.h(356) : see declaration of 'sprintf'
       Link:
         C:\Program Files (x86)\Microsoft Visual Studio 12.0\VC\bin\x86_amd64\link.exe /ERRORREPORT:PROMPT /OUT:"C:\Users\pqj647\Documents\projects\Opencv\New folder\OpenCVBOF\x64\Release\OpenCVBOF.exe" /INCREMENTAL:NO /NOLOGO /LIBPATH:C:\Users\pqj647\Documents\Software\opencv2\opencv\build\x64\vc12\lib opencv_calib3d2413.lib opencv_contrib2413.lib opencv_flann2413.lib opencv_gpu2413.lib opencv_core2413.lib opencv_highgui2413.lib opencv_imgproc2413.lib opencv_video2413.lib opencv_ml2413.lib opencv_legacy2413.lib opencv_nonfree2413.lib opencv_objdetect2413.lib opencv_ocl2413.lib opencv_photo2413.lib opencv_stitching2413.lib opencv_superres2413.lib opencv_features2d2413.lib kernel32.lib user32.lib gdi32.lib winspool.lib comdlg32.lib advapi32.lib shell32.lib ole32.lib oleaut32.lib uuid.lib odbc32.lib odbccp32.lib /MANIFEST /MANIFESTUAC:"level='asInvoker' uiAccess='false'" /manifest:embed /DEBUG /PDB:"C:\Users\pqj647\Documents\projects\Opencv\New folder\OpenCVBOF\x64\Release\OpenCVBOF.pdb" /SUBSYSTEM:CONSOLE /OPT:REF /OPT:ICF /LTCG /TLBID:1 /DYNAMICBASE /NXCOMPAT /IMPLIB:"C:\Users\pqj647\Documents\projects\Opencv\New folder\OpenCVBOF\x64\Release\OpenCVBOF.lib" /MACHINE:X64 x64\Release\OpenCVBOF.obj
         x64\Release\stdafx.obj
         Generating code
     1>c:\users\pqj647\documents\projects\opencv\new folder\opencvbof\opencvbof\opencvbof.cpp(185): warning C4700: uninitialized local variable 'j' used
         Finished generating code
         OpenCVBOF.vcxproj -> C:\Users\pqj647\Documents\projects\Opencv\New folder\OpenCVBOF\x64\Release\OpenCVBOF.exe
     1>Done Building Project "C:\Users\pqj647\Documents\projects\Opencv\New folder\OpenCVBOF\OpenCVBOF\OpenCVBOF.vcxproj" (Build target(s)).

Build succeeded.

Time Elapsed 00:00:02.46
